{
  "RSpec": {
    "coverage": {
      "/Users/Guest/Desktop/question_and_answer/spec/controllers/answers_controller_spec.rb": [
        1,
        null,
        1,
        null,
        null,
        null,
        null,
        null,
        null,
        null,
        null,
        null,
        null,
        null,
        null,
        null,
        null,
        null,
        null,
        null,
        null
      ],
      "/Users/Guest/Desktop/question_and_answer/spec/rails_helper.rb": [
        null,
        1,
        1,
        1,
        null,
        1,
        1,
        null,
        null,
        null,
        null,
        null,
        null,
        null,
        null,
        null,
        null,
        null,
        null,
        null,
        null,
        null,
        null,
        null,
        null,
        null,
        1,
        null,
        1,
        null,
        1,
        null,
        null,
        null,
        null,
        1,
        null,
        null,
        null,
        null,
        null,
        null,
        null,
        null,
        null,
        null,
        null,
        null,
        null,
        null,
        1,
        null,
        null,
        1,
        null,
        null,
        null,
        null,
        1,
        1,
        1,
        1,
        null,
        null
      ],
      "/Users/Guest/Desktop/question_and_answer/config/environment.rb": [
        null,
        1,
        null,
        null,
        1
      ],
      "/Users/Guest/Desktop/question_and_answer/config/application.rb": [
        1,
        null,
        1,
        null,
        1,
        1,
        1,
        1,
        1,
        1,
        1,
        1,
        null,
        null,
        null,
        null,
        1,
        null,
        1,
        1,
        null,
        1,
        null,
        null,
        null,
        null,
        null,
        null,
        1,
        null,
        null
      ],
      "/Users/Guest/Desktop/question_and_answer/config/boot.rb": [
        1,
        null,
        1
      ],
      "/Users/Guest/Desktop/question_and_answer/config/environments/test.rb": [
        1,
        null,
        null,
        null,
        null,
        null,
        null,
        1,
        null,
        null,
        null,
        null,
        1,
        null,
        null,
        1,
        1,
        null,
        null,
        null,
        null,
        1,
        1,
        null,
        null,
        1,
        null,
        null,
        1,
        1,
        null,
        null,
        null,
        null,
        1,
        null,
        null,
        1,
        null,
        null,
        null,
        null
      ],
      "/Users/Guest/Desktop/question_and_answer/config/initializers/application_controller_renderer.rb": [
        null,
        null,
        null,
        null,
        null,
        null
      ],
      "/Users/Guest/Desktop/question_and_answer/config/initializers/assets.rb": [
        null,
        null,
        null,
        1,
        null,
        null,
        null,
        null,
        1,
        null,
        null,
        null,
        null,
        null
      ],
      "/Users/Guest/Desktop/question_and_answer/config/initializers/backtrace_silencers.rb": [
        null,
        null,
        null,
        null,
        null,
        null,
        null
      ],
      "/Users/Guest/Desktop/question_and_answer/config/initializers/cookies_serializer.rb": [
        null,
        null,
        null,
        null,
        1
      ],
      "/Users/Guest/Desktop/question_and_answer/config/initializers/filter_parameter_logging.rb": [
        null,
        null,
        null,
        1
      ],
      "/Users/Guest/Desktop/question_and_answer/config/initializers/inflections.rb": [
        null,
        null,
        null,
        null,
        null,
        null,
        null,
        null,
        null,
        null,
        null,
        null,
        null,
        null,
        null,
        null
      ],
      "/Users/Guest/Desktop/question_and_answer/config/initializers/mime_types.rb": [
        null,
        null,
        null,
        null
      ],
      "/Users/Guest/Desktop/question_and_answer/config/initializers/wrap_parameters.rb": [
        null,
        null,
        null,
        null,
        null,
        null,
        1,
        2,
        null,
        null,
        null,
        null,
        null,
        null
      ],
      "/Users/Guest/Desktop/question_and_answer/app/channels/application_cable/channel.rb": [
        1,
        1,
        null,
        null
      ],
      "/Users/Guest/Desktop/question_and_answer/app/channels/application_cable/connection.rb": [
        1,
        1,
        null,
        null
      ],
      "/Users/Guest/Desktop/question_and_answer/app/controllers/answers_controller.rb": [
        1,
        1,
        0,
        0,
        null,
        null,
        1,
        1,
        1,
        1,
        1,
        null,
        null,
        1,
        1,
        1,
        1,
        1,
        1,
        1,
        null,
        0,
        null,
        null,
        null,
        1,
        0,
        0,
        null,
        null,
        1,
        null,
        1,
        1,
        null,
        null
      ],
      "/Users/Guest/Desktop/question_and_answer/app/controllers/application_controller.rb": [
        1,
        1,
        1,
        null,
        1,
        18,
        16,
        null,
        null,
        null,
        1,
        0,
        0,
        0,
        null,
        null,
        null,
        null
      ],
      "/Users/Guest/Desktop/question_and_answer/app/helpers/application_helper.rb": [
        1,
        null
      ],
      "/Users/Guest/Desktop/question_and_answer/app/helpers/answer_helper.rb": [
        1,
        null
      ],
      "/Users/Guest/Desktop/question_and_answer/app/helpers/question_helper.rb": [
        1,
        null
      ],
      "/Users/Guest/Desktop/question_and_answer/app/helpers/sessions_helper.rb": [
        1,
        null
      ],
      "/Users/Guest/Desktop/question_and_answer/app/helpers/users_helper.rb": [
        1,
        null
      ],
      "/Users/Guest/Desktop/question_and_answer/app/helpers/welcome_helper.rb": [
        1,
        null
      ],
      "/Users/Guest/Desktop/question_and_answer/app/controllers/questions_controller.rb": [
        1,
        null,
        null,
        null,
        null,
        null,
        1,
        1,
        1,
        1,
        null,
        null,
        1,
        1,
        1,
        1,
        1,
        null,
        0,
        null,
        null,
        null,
        1,
        2,
        2,
        null,
        null,
        1,
        null,
        1,
        1,
        null,
        null,
        null
      ],
      "/Users/Guest/Desktop/question_and_answer/app/controllers/sessions_controller.rb": [
        1,
        1,
        null,
        1,
        null,
        null,
        1,
        0,
        0,
        0,
        0,
        0,
        null,
        0,
        0,
        null,
        null,
        null,
        1,
        0,
        0,
        0,
        null,
        null
      ],
      "/Users/Guest/Desktop/question_and_answer/app/controllers/users_controller.rb": [
        1,
        1,
        null,
        1,
        null,
        null,
        1,
        1,
        null,
        null,
        1,
        1,
        1,
        1,
        1,
        1,
        null,
        0,
        0,
        null,
        null,
        null,
        1,
        null,
        1,
        1,
        null,
        null,
        null
      ],
      "/Users/Guest/Desktop/question_and_answer/app/controllers/welcome_controller.rb": [
        1,
        1,
        4,
        null,
        null
      ],
      "/Users/Guest/Desktop/question_and_answer/app/jobs/application_job.rb": [
        1,
        null
      ],
      "/Users/Guest/Desktop/question_and_answer/app/mailers/application_mailer.rb": [
        1,
        1,
        1,
        null
      ],
      "/Users/Guest/Desktop/question_and_answer/app/models/answer.rb": [
        1,
        1,
        1,
        null,
        null
      ],
      "/Users/Guest/Desktop/question_and_answer/app/models/application_record.rb": [
        1,
        1,
        null
      ],
      "/Users/Guest/Desktop/question_and_answer/app/models/question.rb": [
        1,
        1,
        1,
        null,
        null
      ],
      "/Users/Guest/Desktop/question_and_answer/app/models/user.rb": [
        1,
        1,
        1,
        1,
        1,
        1,
        1,
        null,
        1,
        2,
        2,
        null,
        null,
        1,
        0,
        0,
        0,
        null,
        null,
        null,
        null,
        null,
        null,
        null
      ],
      "/Users/Guest/Desktop/question_and_answer/spec/factories.rb": [
        1,
        1,
        1,
        1,
        null,
        1,
        1,
        1,
        1,
        null,
        1,
        1,
        1,
        null,
        null
      ],
      "/Users/Guest/Desktop/question_and_answer/config/routes.rb": [
        1,
        1,
        null,
        1,
        null,
        1,
        null,
        1,
        null,
        1,
        null,
        1,
        null,
        1,
        1,
        null,
        1,
        1,
        null,
        null,
        1,
        null,
        1,
        null,
        1,
        null,
        1,
        null,
        null,
        1,
        1,
        null,
        1,
        1,
        1,
        null
      ],
      "/Users/Guest/Desktop/question_and_answer/spec/controllers/questions_controller_spec.rb": [
        1,
        null,
        1,
        null,
        null,
        null,
        null,
        null,
        null,
        null,
        null,
        null,
        null,
        null,
        null,
        null,
        null,
        null,
        null,
        null,
        null,
        null,
        null,
        null,
        null,
        null
      ],
      "/Users/Guest/Desktop/question_and_answer/spec/controllers/sessions_controller_spec.rb": [
        1,
        null,
        1,
        null,
        null,
        null,
        null,
        null,
        null,
        null,
        null,
        null,
        null,
        null,
        null,
        null,
        null,
        null,
        null
      ],
      "/Users/Guest/Desktop/question_and_answer/spec/controllers/users_controller_spec.rb": [
        1,
        null,
        1,
        null,
        null,
        null,
        null,
        null,
        null,
        null,
        null,
        null,
        null,
        null,
        null,
        null,
        null,
        null,
        null
      ],
      "/Users/Guest/Desktop/question_and_answer/spec/controllers/welcome_controller_spec.rb": [
        1,
        null,
        1,
        null,
        1,
        1,
        1,
        1,
        null,
        null,
        null,
        null
      ],
      "/Users/Guest/Desktop/question_and_answer/spec/features/user_interface_spec.rb": [
        1,
        null,
        1,
        1,
        1,
        1,
        1,
        1,
        1,
        1,
        1,
        1,
        1,
        1,
        1,
        1,
        1,
        1,
        1,
        1,
        null,
        null
      ],
      "/Users/Guest/Desktop/question_and_answer/spec/models/answer_spec.rb": [
        1,
        null,
        1,
        1,
        1,
        1,
        1,
        1,
        1,
        null,
        null
      ],
      "/Users/Guest/Desktop/question_and_answer/spec/models/question_spec.rb": [
        1,
        null,
        1,
        null,
        null
      ],
      "/Users/Guest/Desktop/question_and_answer/spec/models/user_spec.rb": [
        1,
        null,
        1,
        null,
        null
      ]
    },
    "timestamp": 1499124614
  }
}
